

Microchip Technology PIC LITE Macro Assembler V1.45 build -152302408 
                                                                                               Mon Jun 11 17:42:17 2018

Microchip Technology Omniscient Code Generator v1.45 (Free mode) build 201711160504
     1                           	processor	16F1938
     2                           	opt	pw 120
     3                           	opt	lm
     4                           	psect	cinit,global,class=CODE,merge=1,delta=2
     5                           	psect	cstackCOMMON,global,class=COMMON,space=1,delta=1
     6                           	psect	maintext,global,class=CODE,merge=1,split=1,delta=2
     7                           	dabs	1,0x7E,2
     8  0000                     
     9                           ; Version 1.45
    10                           ; Generated 16/11/2017 GMT
    11                           ; 
    12                           ; Copyright © 2017, Microchip Technology Inc. and its subsidiaries ("Microchip")
    13                           ; All rights reserved.
    14                           ; 
    15                           ; This software is developed by Microchip Technology Inc. and its subsidiaries ("Microch
      +                          ip").
    16                           ; 
    17                           ; Redistribution and use in source and binary forms, with or without modification, are
    18                           ; permitted provided that the following conditions are met:
    19                           ; 
    20                           ;     1. Redistributions of source code must retain the above copyright notice, this lis
      +                          t of
    21                           ;        conditions and the following disclaimer.
    22                           ; 
    23                           ;     2. Redistributions in binary form must reproduce the above copyright notice, this 
      +                          list
    24                           ;        of conditions and the following disclaimer in the documentation and/or other
    25                           ;        materials provided with the distribution.
    26                           ; 
    27                           ;     3. Microchip's name may not be used to endorse or promote products derived from th
      +                          is
    28                           ;        software without specific prior written permission.
    29                           ; 
    30                           ; THIS SOFTWARE IS PROVIDED BY MICROCHIP "AS IS" AND ANY EXPRESS OR IMPLIED WARRANTIES,
    31                           ; INCLUDING, BUT NOT LIMITED TO, THE IMPLIED WARRANTIES OF MERCHANTABILITY AND FITNESS F
      +                          OR
    32                           ; PURPOSE ARE DISCLAIMED.  IN NO EVENT SHALL MICROCHIP BE LIABLE FOR ANY DIRECT, INDIREC
      +                          T,
    33                           ; INCIDENTAL, SPECIAL, EXEMPLARY, OR CONSEQUENTIAL DAMAGES (INCLUDING BUT NOT LIMITED TO
    34                           ; PROCUREMENT OF SUBSTITUTE GOODS OR SERVICES; LOSS OF USE, DATA OR PROFITS; OR BUSINESS
    35                           ; INTERRUPTION) HOWSOEVER CAUSED AND ON ANY THEORY OF LIABILITY, WHETHER IN CONTRACT, ST
      +                          RICT
    36                           ; LIABILITY, OR TORT (INCLUDING NEGLIGENCE OR OTHERWISE) ARISING IN ANY WAY OUT OF THE U
      +                          SE OF
    37                           ; THIS SOFTWARE, EVEN IF ADVISED OF THE POSSIBILITY OF SUCH DAMAGE.
    38                           ; 
    39                           ; 
    40                           ; Code-generator required, PIC16F1938 Definitions
    41                           ; 
    42                           ; SFR Addresses
    43  0000                     	;# 
    44  0001                     	;# 
    45  0002                     	;# 
    46  0003                     	;# 
    47  0004                     	;# 
    48  0005                     	;# 
    49  0006                     	;# 
    50  0007                     	;# 
    51  0008                     	;# 
    52  0009                     	;# 
    53  000A                     	;# 
    54  000B                     	;# 
    55  000C                     	;# 
    56  000D                     	;# 
    57  000E                     	;# 
    58  0010                     	;# 
    59  0011                     	;# 
    60  0012                     	;# 
    61  0013                     	;# 
    62  0015                     	;# 
    63  0016                     	;# 
    64  0016                     	;# 
    65  0017                     	;# 
    66  0018                     	;# 
    67  0019                     	;# 
    68  001A                     	;# 
    69  001B                     	;# 
    70  001C                     	;# 
    71  001E                     	;# 
    72  001F                     	;# 
    73  008C                     	;# 
    74  008D                     	;# 
    75  008E                     	;# 
    76  0090                     	;# 
    77  0091                     	;# 
    78  0092                     	;# 
    79  0093                     	;# 
    80  0095                     	;# 
    81  0096                     	;# 
    82  0097                     	;# 
    83  0098                     	;# 
    84  0099                     	;# 
    85  009A                     	;# 
    86  009B                     	;# 
    87  009B                     	;# 
    88  009C                     	;# 
    89  009D                     	;# 
    90  009E                     	;# 
    91  010C                     	;# 
    92  010D                     	;# 
    93  010E                     	;# 
    94  0110                     	;# 
    95  0111                     	;# 
    96  0112                     	;# 
    97  0113                     	;# 
    98  0114                     	;# 
    99  0115                     	;# 
   100  0116                     	;# 
   101  0117                     	;# 
   102  0118                     	;# 
   103  0119                     	;# 
   104  011A                     	;# 
   105  011B                     	;# 
   106  011D                     	;# 
   107  018C                     	;# 
   108  018D                     	;# 
   109  0191                     	;# 
   110  0191                     	;# 
   111  0192                     	;# 
   112  0193                     	;# 
   113  0193                     	;# 
   114  0193                     	;# 
   115  0194                     	;# 
   116  0195                     	;# 
   117  0196                     	;# 
   118  0199                     	;# 
   119  019A                     	;# 
   120  019B                     	;# 
   121  019B                     	;# 
   122  019B                     	;# 
   123  019B                     	;# 
   124  019C                     	;# 
   125  019C                     	;# 
   126  019D                     	;# 
   127  019E                     	;# 
   128  019F                     	;# 
   129  020D                     	;# 
   130  0210                     	;# 
   131  0211                     	;# 
   132  0212                     	;# 
   133  0213                     	;# 
   134  0214                     	;# 
   135  0215                     	;# 
   136  0215                     	;# 
   137  0216                     	;# 
   138  0217                     	;# 
   139  0291                     	;# 
   140  0291                     	;# 
   141  0292                     	;# 
   142  0293                     	;# 
   143  0294                     	;# 
   144  0295                     	;# 
   145  0295                     	;# 
   146  0296                     	;# 
   147  0298                     	;# 
   148  0298                     	;# 
   149  0299                     	;# 
   150  029A                     	;# 
   151  029B                     	;# 
   152  029C                     	;# 
   153  029C                     	;# 
   154  029D                     	;# 
   155  029E                     	;# 
   156  029F                     	;# 
   157  0311                     	;# 
   158  0311                     	;# 
   159  0312                     	;# 
   160  0313                     	;# 
   161  0314                     	;# 
   162  0315                     	;# 
   163  0315                     	;# 
   164  0316                     	;# 
   165  0318                     	;# 
   166  0318                     	;# 
   167  0319                     	;# 
   168  031A                     	;# 
   169  031C                     	;# 
   170  031C                     	;# 
   171  031D                     	;# 
   172  031E                     	;# 
   173  0394                     	;# 
   174  0395                     	;# 
   175  0396                     	;# 
   176  0415                     	;# 
   177  0416                     	;# 
   178  0417                     	;# 
   179  041C                     	;# 
   180  041D                     	;# 
   181  041E                     	;# 
   182  0791                     	;# 
   183  0792                     	;# 
   184  0793                     	;# 
   185  0794                     	;# 
   186  0795                     	;# 
   187  0798                     	;# 
   188  0799                     	;# 
   189  07A0                     	;# 
   190  07A1                     	;# 
   191  07A3                     	;# 
   192  07A4                     	;# 
   193  07A6                     	;# 
   194  07A7                     	;# 
   195  07A9                     	;# 
   196  07AA                     	;# 
   197  0FE4                     	;# 
   198  0FE5                     	;# 
   199  0FE6                     	;# 
   200  0FE7                     	;# 
   201  0FE8                     	;# 
   202  0FE9                     	;# 
   203  0FEA                     	;# 
   204  0FEB                     	;# 
   205  0FED                     	;# 
   206  0FEE                     	;# 
   207  0FEF                     	;# 
   208  000E                     _PORTC	set	14
   209  000D                     _PORTB	set	13
   210  000C                     _PORTA	set	12
   211  006D                     _RB5	set	109
   212  006C                     _RB4	set	108
   213  006B                     _RB3	set	107
   214  006A                     _RB2	set	106
   215  0069                     _RB1	set	105
   216  0068                     _RB0	set	104
   217  008E                     _TRISC	set	142
   218  008D                     _TRISB	set	141
   219  008C                     _TRISA	set	140
   220  0095                     _OPTION_REG	set	149
   221  0099                     _OSCCON	set	153
   222  018D                     _ANSELB	set	397
   223  018C                     _ANSELA	set	396
   224  020D                     _WPUB	set	525
   225                           
   226                           ; #config settings
   227  0000                     
   228                           	psect	cinit
   229  07FD                     start_initialization:	
   230  07FD                     __initialization:	
   231  07FD                     end_of_initialization:	
   232                           ;End of C runtime variable initialization code
   233                           
   234  07FD                     __end_of__initialization:	
   235  07FD  0020               	movlb	0
   236  07FE  3187  2FCB         	ljmp	_main	;jump to C main() function
   237                           
   238                           	psect	cstackCOMMON
   239  0000                     __pcstackCOMMON:	
   240  0000                     ?_main:	
   241  0000                     ??_main:	
   242                           ; 1 bytes @ 0x0
   243                           
   244                           
   245                           	psect	maintext
   246  07CB                     __pmaintext:	
   247                           ; 1 bytes @ 0x0
   248 ;;
   249 ;;Main: autosize = 0, tempsize = 0, incstack = 0, save=0
   250 ;;
   251 ;; *************** function _main *****************
   252 ;; Defined at:
   253 ;;		line 29 in file "mecanumDriver.c"
   254 ;; Parameters:    Size  Location     Type
   255 ;;		None
   256 ;; Auto vars:     Size  Location     Type
   257 ;;		None
   258 ;; Return value:  Size  Location     Type
   259 ;;                  1    wreg      void 
   260 ;; Registers used:
   261 ;;		wreg, status,2
   262 ;; Tracked objects:
   263 ;;		On entry : B1F/0
   264 ;;		On exit  : 0/0
   265 ;;		Unchanged: 0/0
   266 ;; Data sizes:     COMMON   BANK0   BANK1   BANK2   BANK3   BANK4   BANK5   BANK6   BANK7   BANK8   BANK9  BANK10  BANK1
      +1  BANK12
   267 ;;      Params:         0       0       0       0       0       0       0       0       0       0       0       0       
      +0       0
   268 ;;      Locals:         0       0       0       0       0       0       0       0       0       0       0       0       
      +0       0
   269 ;;      Temps:          0       0       0       0       0       0       0       0       0       0       0       0       
      +0       0
   270 ;;      Totals:         0       0       0       0       0       0       0       0       0       0       0       0       
      +0       0
   271 ;;Total ram usage:        0 bytes
   272 ;; This function calls:
   273 ;;		Nothing
   274 ;; This function is called by:
   275 ;;		Startup code after reset
   276 ;; This function uses a non-reentrant model
   277 ;;
   278                           
   279                           
   280                           ;psect for function _main
   281  07CB                     _main:	
   282                           
   283                           ;mecanumDriver.c: 31: OSCCON = 0b01110010 ;
   284                           
   285                           ;incstack = 0
   286                           ; Regs used in _main: [wreg+status,2]
   287  07CB  3072               	movlw	114
   288  07CC  0021               	movlb	1	; select bank1
   289  07CD  0099               	movwf	25	;volatile
   290                           
   291                           ;mecanumDriver.c: 32: OPTION_REG = 0b00000000 ;
   292  07CE  0195               	clrf	21	;volatile
   293                           
   294                           ;mecanumDriver.c: 33: ANSELA = 0b00000000 ;
   295  07CF  0023               	movlb	3	; select bank3
   296  07D0  018C               	clrf	12	;volatile
   297                           
   298                           ;mecanumDriver.c: 34: ANSELB = 0b00000000 ;
   299  07D1  018D               	clrf	13	;volatile
   300                           
   301                           ;mecanumDriver.c: 35: TRISA = 0b00000000 ;
   302  07D2  0021               	movlb	1	; select bank1
   303  07D3  018C               	clrf	12	;volatile
   304                           
   305                           ;mecanumDriver.c: 36: TRISB = 0b00111111 ;
   306  07D4  303F               	movlw	63
   307  07D5  008D               	movwf	13	;volatile
   308                           
   309                           ;mecanumDriver.c: 37: TRISC = 0b00000000 ;
   310  07D6  018E               	clrf	14	;volatile
   311                           
   312                           ;mecanumDriver.c: 38: WPUB = 0b00111111 ;
   313  07D7  303F               	movlw	63
   314  07D8  0024               	movlb	4	; select bank4
   315  07D9  008D               	movwf	13	;volatile
   316                           
   317                           ;mecanumDriver.c: 40: PORTA = 0b00000000 ;
   318  07DA  0020               	movlb	0	; select bank0
   319  07DB  018C               	clrf	12	;volatile
   320                           
   321                           ;mecanumDriver.c: 41: PORTB = 0b00000000 ;
   322  07DC  018D               	clrf	13	;volatile
   323                           
   324                           ;mecanumDriver.c: 42: PORTC = 0b00000000 ;
   325  07DD  018E               	clrf	14	;volatile
   326  07DE                     l536:	
   327                           ;mecanumDriver.c: 45: while(!RB0) PORTA = 0b10101010;
   328                           
   329                           ;mecanumDriver.c: 44: while(1) {
   330                           
   331  07DE  180D               	btfsc	13,0	;volatile
   332  07DF  2FE5               	goto	l540
   333  07E0  30AA               	movlw	170
   334  07E1  008C               	movwf	12	;volatile
   335  07E2  2FDE               	goto	l536
   336  07E3                     l538:	
   337                           ;mecanumDriver.c: 46: while(!RB1) PORTA = 0b01010101;
   338                           
   339  07E3  3055               	movlw	85
   340  07E4  008C               	movwf	12	;volatile
   341  07E5                     l540:	
   342  07E5  188D               	btfsc	13,1	;volatile
   343  07E6  2FEA               	goto	l544
   344  07E7  2FE3               	goto	l538
   345  07E8                     l542:	
   346                           ;mecanumDriver.c: 47: while(!RB2) PORTA = 0b10011001;
   347                           
   348  07E8  3099               	movlw	153
   349  07E9  008C               	movwf	12	;volatile
   350  07EA                     l544:	
   351  07EA  190D               	btfsc	13,2	;volatile
   352  07EB  2FEF               	goto	l548
   353  07EC  2FE8               	goto	l542
   354  07ED                     l546:	
   355                           ;mecanumDriver.c: 48: while(!RB3) PORTA = 0b01100110;
   356                           
   357  07ED  3066               	movlw	102
   358  07EE  008C               	movwf	12	;volatile
   359  07EF                     l548:	
   360  07EF  198D               	btfsc	13,3	;volatile
   361  07F0  2FF4               	goto	l552
   362  07F1  2FED               	goto	l546
   363  07F2                     l550:	
   364                           ;mecanumDriver.c: 49: while(!RB4) PORTA = 0b10010110;
   365                           
   366  07F2  3096               	movlw	150
   367  07F3  008C               	movwf	12	;volatile
   368  07F4                     l552:	
   369  07F4  1A0D               	btfsc	13,4	;volatile
   370  07F5  2FF9               	goto	l556
   371  07F6  2FF2               	goto	l550
   372  07F7                     l554:	
   373                           ;mecanumDriver.c: 50: while(!RB5) PORTA = 0b01101001;
   374                           
   375  07F7  3069               	movlw	105
   376  07F8  008C               	movwf	12	;volatile
   377  07F9                     l556:	
   378  07F9  1E8D               	btfss	13,5	;volatile
   379  07FA  2FF7               	goto	l554
   380                           
   381                           ;mecanumDriver.c: 51: PORTA = 0;
   382  07FB  018C               	clrf	12	;volatile
   383  07FC  2FDE               	goto	l536
   384  07FD                     __end_of_main:	
   385  007E                     btemp	set	126	;btemp
   386  007E                     wtemp0	set	126


Data Sizes:
    Strings     0
    Constant    0
    Data        0
    BSS         0
    Persistent  0
    Stack       0

Auto Spaces:
    Space          Size  Autos    Used
    COMMON           14      0       0
    BANK0            80      0       0
    BANK1            80      0       0
    BANK2            80      0       0
    BANK3            80      0       0
    BANK4            80      0       0
    BANK5            80      0       0
    BANK6            80      0       0
    BANK7            80      0       0
    BANK8            80      0       0
    BANK9            80      0       0
    BANK10           80      0       0
    BANK11           80      0       0
    BANK12           48      0       0

Pointer List with Targets:

    None.

Critical Paths under _main in COMMON

    None.

Critical Paths under _main in BANK0

    None.

Critical Paths under _main in BANK1

    None.

Critical Paths under _main in BANK2

    None.

Critical Paths under _main in BANK3

    None.

Critical Paths under _main in BANK4

    None.

Critical Paths under _main in BANK5

    None.

Critical Paths under _main in BANK6

    None.

Critical Paths under _main in BANK7

    None.

Critical Paths under _main in BANK8

    None.

Critical Paths under _main in BANK9

    None.

Critical Paths under _main in BANK10

    None.

Critical Paths under _main in BANK11

    None.

Critical Paths under _main in BANK12

    None.

Call Graph Tables:

 ---------------------------------------------------------------------------------
 (Depth) Function   	        Calls       Base Space   Used Autos Params    Refs
 ---------------------------------------------------------------------------------
 (0) _main                                                 0     0      0       0
 ---------------------------------------------------------------------------------
 Estimated maximum stack depth 0
 ---------------------------------------------------------------------------------

 Call Graph Graphs:

 _main (ROOT)

 Address spaces:
Name               Size   Autos  Total    Cost      Usage
BIGRAM             3F0      0       0       0        0.0%
EEDATA             100      0       0       0        0.0%
NULL                 0      0       0       0        0.0%
CODE                 0      0       0       0        0.0%
BITCOMMON            E      0       0       1        0.0%
BITSFR0              0      0       0       1        0.0%
SFR0                 0      0       0       1        0.0%
COMMON               E      0       0       2        0.0%
BITSFR1              0      0       0       2        0.0%
SFR1                 0      0       0       2        0.0%
BITSFR2              0      0       0       3        0.0%
SFR2                 0      0       0       3        0.0%
STACK                0      0       0       3        0.0%
BITBANK0            50      0       0       4        0.0%
BITSFR3              0      0       0       4        0.0%
SFR3                 0      0       0       4        0.0%
BANK0               50      0       0       5        0.0%
BITSFR4              0      0       0       5        0.0%
SFR4                 0      0       0       5        0.0%
BITBANK1            50      0       0       6        0.0%
BITSFR5              0      0       0       6        0.0%
SFR5                 0      0       0       6        0.0%
BANK1               50      0       0       7        0.0%
BITSFR6              0      0       0       7        0.0%
SFR6                 0      0       0       7        0.0%
BITBANK2            50      0       0       8        0.0%
BITSFR7              0      0       0       8        0.0%
SFR7                 0      0       0       8        0.0%
BANK2               50      0       0       9        0.0%
BITSFR8              0      0       0       9        0.0%
SFR8                 0      0       0       9        0.0%
BITBANK3            50      0       0      10        0.0%
BITSFR9              0      0       0      10        0.0%
SFR9                 0      0       0      10        0.0%
BANK3               50      0       0      11        0.0%
BITSFR10             0      0       0      11        0.0%
SFR10                0      0       0      11        0.0%
BITBANK4            50      0       0      12        0.0%
BITSFR11             0      0       0      12        0.0%
SFR11                0      0       0      12        0.0%
BANK4               50      0       0      13        0.0%
BITSFR12             0      0       0      13        0.0%
SFR12                0      0       0      13        0.0%
BITBANK5            50      0       0      14        0.0%
BITSFR13             0      0       0      14        0.0%
SFR13                0      0       0      14        0.0%
BANK5               50      0       0      15        0.0%
BITSFR14             0      0       0      15        0.0%
SFR14                0      0       0      15        0.0%
BITBANK6            50      0       0      16        0.0%
BITSFR15             0      0       0      16        0.0%
SFR15                0      0       0      16        0.0%
BANK6               50      0       0      17        0.0%
BITSFR16             0      0       0      17        0.0%
SFR16                0      0       0      17        0.0%
BITBANK7            50      0       0      18        0.0%
BITSFR17             0      0       0      18        0.0%
SFR17                0      0       0      18        0.0%
BANK7               50      0       0      19        0.0%
BITSFR18             0      0       0      19        0.0%
SFR18                0      0       0      19        0.0%
BITSFR19             0      0       0      20        0.0%
SFR19                0      0       0      20        0.0%
ABS                  0      0       0      20        0.0%
BITBANK8            50      0       0      21        0.0%
BITSFR20             0      0       0      21        0.0%
SFR20                0      0       0      21        0.0%
BANK8               50      0       0      22        0.0%
BITSFR21             0      0       0      22        0.0%
SFR21                0      0       0      22        0.0%
BITBANK9            50      0       0      23        0.0%
BITSFR22             0      0       0      23        0.0%
SFR22                0      0       0      23        0.0%
BANK9               50      0       0      24        0.0%
BITSFR23             0      0       0      24        0.0%
SFR23                0      0       0      24        0.0%
BITBANK10           50      0       0      25        0.0%
BITSFR24             0      0       0      25        0.0%
SFR24                0      0       0      25        0.0%
BANK10              50      0       0      26        0.0%
BITSFR25             0      0       0      26        0.0%
SFR25                0      0       0      26        0.0%
BITBANK11           50      0       0      27        0.0%
BITSFR26             0      0       0      27        0.0%
SFR26                0      0       0      27        0.0%
BANK11              50      0       0      28        0.0%
BITSFR27             0      0       0      28        0.0%
SFR27                0      0       0      28        0.0%
BITBANK12           30      0       0      29        0.0%
BITSFR28             0      0       0      29        0.0%
SFR28                0      0       0      29        0.0%
BANK12              30      0       0      30        0.0%
BITSFR29             0      0       0      30        0.0%
SFR29                0      0       0      30        0.0%
BITSFR30             0      0       0      31        0.0%
SFR30                0      0       0      31        0.0%
DATA                 0      0       0      31        0.0%
BITSFR31             0      0       0      32        0.0%
SFR31                0      0       0      32        0.0%


Microchip Technology PIC Macro Assembler V1.45 build -152302408 
Symbol Table                                                                                   Mon Jun 11 17:42:17 2018

            __CFG_CP$OFF 0000                      l540 07E5                      l550 07F2  
                    l542 07E8                      l552 07F4                      l544 07EA  
                    l536 07DE                      l554 07F7                      l546 07ED  
                    l538 07E3                      l556 07F9                      l548 07EF  
                    _RB0 0068                      _RB1 0069                      _RB2 006A  
                    _RB3 006B                      _RB4 006C                      _RB5 006D  
           __CFG_CPD$OFF 0000             __CFG_BORV$LO 0000             __CFG_IESO$ON 0000  
           __CFG_LVP$OFF 0000                     _WPUB 020D             __CFG_WRT$OFF 0000  
                   _main 07CB                     btemp 007E                     start 0002  
          __CFG_MCLRE$ON 0000                    ?_main 0000            __CFG_WDTE$OFF 0000  
                  _PORTA 000C                    _PORTB 000D                    _PORTC 000E  
                  _TRISA 008C                    _TRISB 008D                    _TRISC 008E  
         __CFG_FCMEN$OFF 0000           __CFG_BOREN$OFF 0000                    wtemp0 007E  
        __initialization 07FD             __end_of_main 07FD                   ??_main 0000  
         __CFG_PLLEN$OFF 0000                   _ANSELA 018C                   _ANSELB 018D  
                 _OSCCON 0099           __CFG_PWRTE$OFF 0000           __CFG_STVREN$ON 0000  
__end_of__initialization 07FD           __pcstackCOMMON 0000          __CFG_VCAPEN$OFF 0000  
             __pmaintext 07CB     end_of_initialization 07FD         __CFG_FOSC$INTOSC 0000  
    start_initialization 07FD                ___latbits 0003            __size_of_main 0032  
      __CFG_CLKOUTEN$OFF 0000               _OPTION_REG 0095  
